# JRE version: Java(TM) SE Runtime Environment (8.0_05-b13) (build 1.8.0_05-b13)
# Java VM: Java HotSpot(TM) 64-Bit Server VM (25.5-b02 mixed mode bsd-amd64 compressed oops)
Heap:
 PSYoungGen      total 14336K, used 12835K [0x0000000795580000, 0x0000000796800000, 0x00000007c0000000)
  eden space 11264K, 87% used [0x0000000795580000,0x0000000795f1abd0,0x0000000796080000)
  from space 3072K, 97% used [0x0000000796400000,0x00000007966ee300,0x0000000796700000)
  to   space 3584K, 0% used [0x0000000796080000,0x0000000796080000,0x0000000796400000)
 ParOldGen       total 129536K, used 9389K [0x0000000740000000, 0x0000000747e80000, 0x0000000795580000)
  object space 129536K, 7% used [0x0000000740000000,0x000000074092b480,0x0000000747e80000)
 Metaspace       used 12252K, capacity 12356K, committed 12544K, reserved 1060864K
  class space    used 1675K, capacity 1723K, committed 1792K, reserved 1048576K
GC Heap History (10 events):
Event: 0.370 GC heap before
{Heap before GC invocations=6 (full 0):
 PSYoungGen      total 2560K, used 2528K [0x0000000795580000, 0x0000000795b80000, 0x00000007c0000000)
  eden space 2048K, 100% used [0x0000000795580000,0x0000000795780000,0x0000000795780000)
  from space 512K, 93% used [0x0000000795780000,0x00000007957f8030,0x0000000795800000)
  to   space 1024K, 0% used [0x0000000795a80000,0x0000000795a80000,0x0000000795b80000)
 ParOldGen       total 129536K, used 916K [0x0000000740000000, 0x0000000747e80000, 0x0000000795580000)
  object space 129536K, 0% used [0x0000000740000000,0x00000007400e5340,0x0000000747e80000)
 Metaspace       used 5817K, capacity 7032K, committed 7168K, reserved 1056768K
  class space    used 721K, capacity 748K, committed 768K, reserved 1048576K
Event: 0.371 GC heap after
Heap after GC invocations=6 (full 0):
 PSYoungGen      total 5120K, used 688K [0x0000000795580000, 0x0000000795b80000, 0x00000007c0000000)
  eden space 4096K, 0% used [0x0000000795580000,0x0000000795580000,0x0000000795980000)
  from space 1024K, 67% used [0x0000000795a80000,0x0000000795b2c020,0x0000000795b80000)
  to   space 1024K, 0% used [0x0000000795980000,0x0000000795980000,0x0000000795a80000)
 ParOldGen       total 129536K, used 924K [0x0000000740000000, 0x0000000747e80000, 0x0000000795580000)
  object space 129536K, 0% used [0x0000000740000000,0x00000007400e7340,0x0000000747e80000)
 Metaspace       used 5817K, capacity 7032K, committed 7168K, reserved 1056768K
  class space    used 721K, capacity 748K, committed 768K, reserved 1048576K
}
Event: 0.608 GC heap before
{Heap before GC invocations=7 (full 0):
 PSYoungGen      total 5120K, used 4784K [0x0000000795580000, 0x0000000795b80000, 0x00000007c0000000)
  eden space 4096K, 100% used [0x0000000795580000,0x0000000795980000,0x0000000795980000)
  from space 1024K, 67% used [0x0000000795a80000,0x0000000795b2c020,0x0000000795b80000)
  to   space 1024K, 0% used [0x0000000795980000,0x0000000795980000,0x0000000795a80000)
 ParOldGen       total 129536K, used 924K [0x0000000740000000, 0x0000000747e80000, 0x0000000795580000)
  object space 129536K, 0% used [0x0000000740000000,0x00000007400e7340,0x0000000747e80000)
 Metaspace       used 7132K, capacity 8280K, committed 8448K, reserved 1056768K
  class space    used 932K, capacity 972K, committed 1024K, reserved 1048576K
Event: 0.610 GC heap after
Heap after GC invocations=7 (full 0):
 PSYoungGen      total 5120K, used 992K [0x0000000795580000, 0x0000000796080000, 0x00000007c0000000)
  eden space 4096K, 0% used [0x0000000795580000,0x0000000795580000,0x0000000795980000)
  from space 1024K, 96% used [0x0000000795980000,0x0000000795a78010,0x0000000795a80000)
  to   space 1536K, 0% used [0x0000000795f00000,0x0000000795f00000,0x0000000796080000)
 ParOldGen       total 129536K, used 1452K [0x0000000740000000, 0x0000000747e80000, 0x0000000795580000)
  object space 129536K, 1% used [0x0000000740000000,0x000000074016b390,0x0000000747e80000)
 Metaspace       used 7132K, capacity 8280K, committed 8448K, reserved 1056768K
  class space    used 932K, capacity 972K, committed 1024K, reserved 1048576K
}
Event: 0.752 GC heap before
{Heap before GC invocations=8 (full 0):
 PSYoungGen      total 5120K, used 4949K [0x0000000795580000, 0x0000000796080000, 0x00000007c0000000)
  eden space 4096K, 96% used [0x0000000795580000,0x000000079595d798,0x0000000795980000)
  from space 1024K, 96% used [0x0000000795980000,0x0000000795a78010,0x0000000795a80000)
  to   space 1536K, 0% used [0x0000000795f00000,0x0000000795f00000,0x0000000796080000)
 ParOldGen       total 129536K, used 1452K [0x0000000740000000, 0x0000000747e80000, 0x0000000795580000)
  object space 129536K, 1% used [0x0000000740000000,0x000000074016b390,0x0000000747e80000)
 Metaspace       used 8566K, capacity 8946K, committed 9216K, reserved 1056768K
  class space    used 1154K, capacity 1209K, committed 1280K, reserved 1048576K
Event: 0.754 GC heap after
Heap after GC invocations=8 (full 0):
 PSYoungGen      total 8704K, used 1514K [0x0000000795580000, 0x0000000796280000, 0x00000007c0000000)
  eden space 7168K, 0% used [0x0000000795580000,0x0000000795580000,0x0000000795c80000)
  from space 1536K, 98% used [0x0000000795f00000,0x000000079607aaf0,0x0000000796080000)
  to   space 2560K, 0% used [0x0000000795c80000,0x0000000795c80000,0x0000000795f00000)
 ParOldGen       total 129536K, used 2769K [0x0000000740000000, 0x0000000747e80000, 0x0000000795580000)
  object space 129536K, 2% used [0x0000000740000000,0x00000007402b4480,0x0000000747e80000)
 Metaspace       used 8566K, capacity 8946K, committed 9216K, reserved 1056768K
  class space    used 1154K, capacity 1209K, committed 1280K, reserved 1048576K
}
Event: 1.137 GC heap before
{Heap before GC invocations=9 (full 0):
 PSYoungGen      total 8704K, used 8682K [0x0000000795580000, 0x0000000796280000, 0x00000007c0000000)
  eden space 7168K, 100% used [0x0000000795580000,0x0000000795c80000,0x0000000795c80000)
  from space 1536K, 98% used [0x0000000795f00000,0x000000079607aaf0,0x0000000796080000)
  to   space 2560K, 0% used [0x0000000795c80000,0x0000000795c80000,0x0000000795f00000)
 ParOldGen       total 129536K, used 6521K [0x0000000740000000, 0x0000000747e80000, 0x0000000795580000)
  object space 129536K, 5% used [0x0000000740000000,0x000000074065e490,0x0000000747e80000)
 Metaspace       used 11284K, capacity 11426K, committed 11648K, reserved 1058816K
  class space    used 1592K, capacity 1625K, committed 1664K, reserved 1048576K
Event: 1.140 GC heap after
Heap after GC invocations=9 (full 0):
 PSYoungGen      total 9728K, used 2535K [0x0000000795580000, 0x0000000796700000, 0x00000007c0000000)
  eden space 7168K, 0% used [0x0000000795580000,0x0000000795580000,0x0000000795c80000)
  from space 2560K, 99% used [0x0000000795c80000,0x0000000795ef9fe0,0x0000000795f00000)
  to   space 3072K, 0% used [0x0000000796400000,0x0000000796400000,0x0000000796700000)
 ParOldGen       total 129536K, used 6806K [0x0000000740000000, 0x0000000747e80000, 0x0000000795580000)
  object space 129536K, 5% used [0x0000000740000000,0x00000007406a5990,0x0000000747e80000)
 Metaspace       used 11284K, capacity 11426K, committed 11648K, reserved 1058816K
  class space    used 1592K, capacity 1625K, committed 1664K, reserved 1048576K
}
Event: 22.511 GC heap before
{Heap before GC invocations=10 (full 0):
 PSYoungGen      total 9728K, used 9671K [0x0000000795580000, 0x0000000796700000, 0x00000007c0000000)
  eden space 7168K, 99% used [0x0000000795580000,0x0000000795c77cd8,0x0000000795c80000)
  from space 2560K, 99% used [0x0000000795c80000,0x0000000795ef9fe0,0x0000000795f00000)
  to   space 3072K, 0% used [0x0000000796400000,0x0000000796400000,0x0000000796700000)
 ParOldGen       total 129536K, used 6806K [0x0000000740000000, 0x0000000747e80000, 0x0000000795580000)
  object space 129536K, 5% used [0x0000000740000000,0x00000007406a5990,0x0000000747e80000)
 Metaspace       used 11996K, capacity 12164K, committed 12288K, reserved 1060864K
  class space    used 1666K, capacity 1723K, committed 1792K, reserved 1048576K
Event: 22.515 GC heap after
Heap after GC invocations=10 (full 0):
 PSYoungGen      total 14336K, used 3000K [0x0000000795580000, 0x0000000796800000, 0x00000007c0000000)
  eden space 11264K, 0% used [0x0000000795580000,0x0000000795580000,0x0000000796080000)
  from space 3072K, 97% used [0x0000000796400000,0x00000007966ee300,0x0000000796700000)
  to   space 3584K, 0% used [0x0000000796080000,0x0000000796080000,0x0000000796400000)
 ParOldGen       total 129536K, used 9389K [0x0000000740000000, 0x0000000747e80000, 0x0000000795580000)
  object space 129536K, 7% used [0x0000000740000000,0x000000074092b480,0x0000000747e80000)
 Metaspace       used 11996K, capacity 12164K, committed 12288K, reserved 1060864K
  class space    used 1666K, capacity 1723K, committed 1792K, reserved 1048576K
}

